行 38: 控件 SSTab2 的类 TabDlg.SSTab 不是一个已加载的控件类。
行 3248: 控件 SSTab1 的类 TabDlg.SSTab 不是一个已加载的控件类。
行 3906: 控件 MSFlexGrid2 的类 MSFlexGridLib.MSFlexGrid 不是一个已加载的控件类。
行 4264: 控件 Adodc2 的类 MSAdodcLib.Adodc 不是一个已加载的控件类。
行 4328: 控件 MSComm1 的类 MSCommLib.MSComm 不是一个已加载的控件类。
行 4349: 控件 StatusBar1 的类 MSComctlLib.StatusBar 不是一个已加载的控件类。
行 4406: 控件 Adodc3 的类 MSAdodcLib.Adodc 不是一个已加载的控件类。
行 4470: 控件 MSFlexGrid1 的类 MSFlexGridLib.MSFlexGrid 不是一个已加载的控件类。
行 4514: 控件 Adodc5 的类 MSAdodcLib.Adodc 不是一个已加载的控件类。
行 4588: 控件 Adodc1 的类 MSAdodcLib.Adodc 不是一个已加载的控件类。
行 44: 属性名 _ExtentX 在 SSTab2 中是无效的。
行 45: 属性名 _ExtentY 在 SSTab2 中是无效的。
行 46: 属性名 _Version 在 SSTab2 中是无效的。
行 47: 属性名 Tabs 在 SSTab2 中是无效的。
行 48: 属性名 Tab 在 SSTab2 中是无效的。
行 49: 属性名 TabsPerRow 在 SSTab2 中是无效的。
行 50: 属性名 TabHeight 在 SSTab2 中是无效的。
行 51: 属性名 WordWrap 在 SSTab2 中是无效的。
行 53: 属性名 TabCaption(0) 在 SSTab2 中是无效的。
行 54: 属性名 TabPicture(0) 在 SSTab2 中是无效的。
行 55: 属性名 Tab(0).ControlEnabled 在 SSTab2 中是无效的。
行 56: 属性名 Tab(0).Control(0) 在 SSTab2 中是无效的。
行 57: 属性名 Tab(0).Control(0).Enabled 在 SSTab2 中是无效的。
行 58: 属性名 Tab(0).Control(1) 在 SSTab2 中是无效的。
行 59: 属性名 Tab(0).Control(1).Enabled 在 SSTab2 中是无效的。
行 60: 属性名 Tab(0).Control(2) 在 SSTab2 中是无效的。
行 61: 属性名 Tab(0).Control(2).Enabled 在 SSTab2 中是无效的。
行 62: 属性名 Tab(0).Control(3) 在 SSTab2 中是无效的。
行 63: 属性名 Tab(0).Control(3).Enabled 在 SSTab2 中是无效的。
行 64: 属性名 Tab(0).Control(4) 在 SSTab2 中是无效的。
行 65: 属性名 Tab(0).Control(4).Enabled 在 SSTab2 中是无效的。
行 66: 属性名 Tab(0).Control(5) 在 SSTab2 中是无效的。
行 67: 属性名 Tab(0).Control(5).Enabled 在 SSTab2 中是无效的。
行 68: 属性名 Tab(0).Control(6) 在 SSTab2 中是无效的。
行 69: 属性名 Tab(0).Control(6).Enabled 在 SSTab2 中是无效的。
行 70: 属性名 Tab(0).Control(7) 在 SSTab2 中是无效的。
行 71: 属性名 Tab(0).Control(7).Enabled 在 SSTab2 中是无效的。
行 72: 属性名 Tab(0).Control(8) 在 SSTab2 中是无效的。
行 73: 属性名 Tab(0).Control(8).Enabled 在 SSTab2 中是无效的。
行 74: 属性名 Tab(0).Control(9) 在 SSTab2 中是无效的。
行 75: 属性名 Tab(0).Control(9).Enabled 在 SSTab2 中是无效的。
行 76: 属性名 Tab(0).Control(10) 在 SSTab2 中是无效的。
行 77: 属性名 Tab(0).Control(10).Enabled 在 SSTab2 中是无效的。
行 78: 属性名 Tab(0).Control(11) 在 SSTab2 中是无效的。
行 79: 属性名 Tab(0).Control(11).Enabled 在 SSTab2 中是无效的。
行 80: 属性名 Tab(0).Control(12) 在 SSTab2 中是无效的。
行 81: 属性名 Tab(0).Control(12).Enabled 在 SSTab2 中是无效的。
行 82: 属性名 Tab(0).Control(13) 在 SSTab2 中是无效的。
行 83: 属性名 Tab(0).Control(13).Enabled 在 SSTab2 中是无效的。
行 84: 属性名 Tab(0).Control(14) 在 SSTab2 中是无效的。
行 85: 属性名 Tab(0).Control(14).Enabled 在 SSTab2 中是无效的。
行 86: 属性名 Tab(0).Control(15) 在 SSTab2 中是无效的。
行 87: 属性名 Tab(0).Control(15).Enabled 在 SSTab2 中是无效的。
行 88: 属性名 Tab(0).Control(16) 在 SSTab2 中是无效的。
行 89: 属性名 Tab(0).Control(16).Enabled 在 SSTab2 中是无效的。
行 90: 属性名 Tab(0).Control(17) 在 SSTab2 中是无效的。
行 91: 属性名 Tab(0).Control(17).Enabled 在 SSTab2 中是无效的。
行 92: 属性名 Tab(0).Control(18) 在 SSTab2 中是无效的。
行 93: 属性名 Tab(0).Control(18).Enabled 在 SSTab2 中是无效的。
行 94: 属性名 Tab(0).Control(19) 在 SSTab2 中是无效的。
行 95: 属性名 Tab(0).Control(19).Enabled 在 SSTab2 中是无效的。
行 96: 属性名 Tab(0).ControlCount 在 SSTab2 中是无效的。
行 97: 属性名 TabCaption(1) 在 SSTab2 中是无效的。
行 98: 属性名 TabPicture(1) 在 SSTab2 中是无效的。
行 99: 属性名 Tab(1).ControlEnabled 在 SSTab2 中是无效的。
行 100: 属性名 Tab(1).Control(0) 在 SSTab2 中是无效的。
行 101: 属性名 Tab(1).Control(0).Enabled 在 SSTab2 中是无效的。
行 102: 属性名 Tab(1).Control(1) 在 SSTab2 中是无效的。
行 103: 属性名 Tab(1).Control(1).Enabled 在 SSTab2 中是无效的。
行 104: 属性名 Tab(1).Control(2) 在 SSTab2 中是无效的。
行 105: 属性名 Tab(1).Control(2).Enabled 在 SSTab2 中是无效的。
行 106: 属性名 Tab(1).Control(3) 在 SSTab2 中是无效的。
行 107: 属性名 Tab(1).Control(3).Enabled 在 SSTab2 中是无效的。
行 108: 属性名 Tab(1).Control(4) 在 SSTab2 中是无效的。
行 109: 属性名 Tab(1).Control(4).Enabled 在 SSTab2 中是无效的。
行 110: 属性名 Tab(1).Control(5) 在 SSTab2 中是无效的。
行 111: 属性名 Tab(1).Control(5).Enabled 在 SSTab2 中是无效的。
行 112: 属性名 Tab(1).Control(6) 在 SSTab2 中是无效的。
行 113: 属性名 Tab(1).Control(6).Enabled 在 SSTab2 中是无效的。
行 114: 属性名 Tab(1).Control(7) 在 SSTab2 中是无效的。
行 115: 属性名 Tab(1).Control(7).Enabled 在 SSTab2 中是无效的。
行 116: 属性名 Tab(1).Control(8) 在 SSTab2 中是无效的。
行 117: 属性名 Tab(1).Control(8).Enabled 在 SSTab2 中是无效的。
行 118: 属性名 Tab(1).Control(9) 在 SSTab2 中是无效的。
行 119: 属性名 Tab(1).Control(9).Enabled 在 SSTab2 中是无效的。
行 120: 属性名 Tab(1).Control(10) 在 SSTab2 中是无效的。
行 121: 属性名 Tab(1).Control(10).Enabled 在 SSTab2 中是无效的。
行 122: 属性名 Tab(1).Control(11) 在 SSTab2 中是无效的。
行 123: 属性名 Tab(1).Control(11).Enabled 在 SSTab2 中是无效的。
行 124: 属性名 Tab(1).Control(12) 在 SSTab2 中是无效的。
行 125: 属性名 Tab(1).Control(12).Enabled 在 SSTab2 中是无效的。
行 126: 属性名 Tab(1).Control(13) 在 SSTab2 中是无效的。
行 127: 属性名 Tab(1).Control(13).Enabled 在 SSTab2 中是无效的。
行 128: 属性名 Tab(1).Control(14) 在 SSTab2 中是无效的。
行 129: 属性名 Tab(1).Control(14).Enabled 在 SSTab2 中是无效的。
行 130: 属性名 Tab(1).Control(15) 在 SSTab2 中是无效的。
行 131: 属性名 Tab(1).Control(15).Enabled 在 SSTab2 中是无效的。
行 132: 属性名 Tab(1).ControlCount 在 SSTab2 中是无效的。
行 133: 属性名 TabCaption(2) 在 SSTab2 中是无效的。
行 134: 属性名 TabPicture(2) 在 SSTab2 中是无效的。
行 135: 属性名 Tab(2).ControlEnabled 在 SSTab2 中是无效的。
行 136: 属性名 Tab(2).Control(0) 在 SSTab2 中是无效的。
行 137: 属性名 Tab(2).Control(1) 在 SSTab2 中是无效的。
行 138: 属性名 Tab(2).Control(2) 在 SSTab2 中是无效的。
行 139: 属性名 Tab(2).Control(3) 在 SSTab2 中是无效的。
行 140: 属性名 Tab(2).Control(4) 在 SSTab2 中是无效的。
行 141: 属性名 Tab(2).Control(5) 在 SSTab2 中是无效的。
行 142: 属性名 Tab(2).Control(6) 在 SSTab2 中是无效的。
行 143: 属性名 Tab(2).Control(7) 在 SSTab2 中是无效的。
行 144: 属性名 Tab(2).Control(8) 在 SSTab2 中是无效的。
行 145: 属性名 Tab(2).Control(9) 在 SSTab2 中是无效的。
行 146: 属性名 Tab(2).Control(10) 在 SSTab2 中是无效的。
行 147: 属性名 Tab(2).Control(11) 在 SSTab2 中是无效的。
行 148: 属性名 Tab(2).ControlCount 在 SSTab2 中是无效的。
行 149: 属性名 TabCaption(3) 在 SSTab2 中是无效的。
行 150: 属性名 TabPicture(3) 在 SSTab2 中是无效的。
行 151: 属性名 Tab(3).ControlEnabled 在 SSTab2 中是无效的。
行 152: 属性名 Tab(3).Control(0) 在 SSTab2 中是无效的。
行 153: 属性名 Tab(3).Control(1) 在 SSTab2 中是无效的。
行 154: 属性名 Tab(3).Control(2) 在 SSTab2 中是无效的。
行 155: 属性名 Tab(3).Control(3) 在 SSTab2 中是无效的。
行 156: 属性名 Tab(3).Control(4) 在 SSTab2 中是无效的。
行 157: 属性名 Tab(3).Control(5) 在 SSTab2 中是无效的。
行 158: 属性名 Tab(3).Control(6) 在 SSTab2 中是无效的。
行 159: 属性名 Tab(3).Control(7) 在 SSTab2 中是无效的。
行 160: 属性名 Tab(3).Control(8) 在 SSTab2 中是无效的。
行 161: 属性名 Tab(3).Control(9) 在 SSTab2 中是无效的。
行 162: 属性名 Tab(3).Control(10) 在 SSTab2 中是无效的。
行 163: 属性名 Tab(3).Control(11) 在 SSTab2 中是无效的。
行 164: 属性名 Tab(3).Control(12) 在 SSTab2 中是无效的。
行 165: 属性名 Tab(3).Control(13) 在 SSTab2 中是无效的。
行 166: 属性名 Tab(3).ControlCount 在 SSTab2 中是无效的。
行 167: 属性名 TabCaption(4) 在 SSTab2 中是无效的。
行 168: 属性名 TabPicture(4) 在 SSTab2 中是无效的。
行 169: 属性名 Tab(4).ControlEnabled 在 SSTab2 中是无效的。
行 170: 属性名 Tab(4).Control(0) 在 SSTab2 中是无效的。
行 171: 属性名 Tab(4).Control(1) 在 SSTab2 中是无效的。
行 172: 属性名 Tab(4).Control(2) 在 SSTab2 中是无效的。
行 173: 属性名 Tab(4).Control(3) 在 SSTab2 中是无效的。
行 174: 属性名 Tab(4).Control(4) 在 SSTab2 中是无效的。
行 175: 属性名 Tab(4).Control(5) 在 SSTab2 中是无效的。
行 176: 属性名 Tab(4).Control(6) 在 SSTab2 中是无效的。
行 177: 属性名 Tab(4).Control(7) 在 SSTab2 中是无效的。
行 178: 属性名 Tab(4).Control(8) 在 SSTab2 中是无效的。
行 179: 属性名 Tab(4).Control(9) 在 SSTab2 中是无效的。
行 180: 属性名 Tab(4).Control(10) 在 SSTab2 中是无效的。
行 181: 属性名 Tab(4).Control(11) 在 SSTab2 中是无效的。
行 182: 属性名 Tab(4).Control(12) 在 SSTab2 中是无效的。
行 183: 属性名 Tab(4).Control(13) 在 SSTab2 中是无效的。
行 184: 属性名 Tab(4).Control(14) 在 SSTab2 中是无效的。
行 185: 属性名 Tab(4).Control(15) 在 SSTab2 中是无效的。
行 186: 属性名 Tab(4).Control(16) 在 SSTab2 中是无效的。
行 187: 属性名 Tab(4).Control(17) 在 SSTab2 中是无效的。
行 188: 属性名 Tab(4).Control(18) 在 SSTab2 中是无效的。
行 189: 属性名 Tab(4).Control(19) 在 SSTab2 中是无效的。
行 190: 属性名 Tab(4).Control(20) 在 SSTab2 中是无效的。
行 191: 属性名 Tab(4).Control(21) 在 SSTab2 中是无效的。
行 192: 属性名 Tab(4).Control(22) 在 SSTab2 中是无效的。
行 193: 属性名 Tab(4).Control(23) 在 SSTab2 中是无效的。
行 194: 属性名 Tab(4).Control(24) 在 SSTab2 中是无效的。
行 195: 属性名 Tab(4).Control(25) 在 SSTab2 中是无效的。
行 196: 属性名 Tab(4).Control(26) 在 SSTab2 中是无效的。
行 197: 属性名 Tab(4).Control(27) 在 SSTab2 中是无效的。
行 198: 属性名 Tab(4).Control(28) 在 SSTab2 中是无效的。
行 199: 属性名 Tab(4).Control(29) 在 SSTab2 中是无效的。
行 200: 属性名 Tab(4).Control(30) 在 SSTab2 中是无效的。
行 201: 属性名 Tab(4).Control(31) 在 SSTab2 中是无效的。
行 202: 属性名 Tab(4).Control(32) 在 SSTab2 中是无效的。
行 203: 属性名 Tab(4).Control(33) 在 SSTab2 中是无效的。
行 204: 属性名 Tab(4).Control(34) 在 SSTab2 中是无效的。
行 205: 属性名 Tab(4).Control(35) 在 SSTab2 中是无效的。
行 206: 属性名 Tab(4).Control(36) 在 SSTab2 中是无效的。
行 207: 属性名 Tab(4).Control(37) 在 SSTab2 中是无效的。
行 208: 属性名 Tab(4).Control(38) 在 SSTab2 中是无效的。
行 209: 属性名 Tab(4).Control(39) 在 SSTab2 中是无效的。
行 210: 属性名 Tab(4).Control(40) 在 SSTab2 中是无效的。
行 211: 属性名 Tab(4).Control(41) 在 SSTab2 中是无效的。
行 212: 属性名 Tab(4).Control(42) 在 SSTab2 中是无效的。
行 213: 属性名 Tab(4).Control(43) 在 SSTab2 中是无效的。
行 214: 属性名 Tab(4).Control(44) 在 SSTab2 中是无效的。
行 215: 属性名 Tab(4).Control(45) 在 SSTab2 中是无效的。
行 216: 属性名 Tab(4).Control(46) 在 SSTab2 中是无效的。
行 217: 属性名 Tab(4).Control(47) 在 SSTab2 中是无效的。
行 218: 属性名 Tab(4).Control(48) 在 SSTab2 中是无效的。
行 219: 属性名 Tab(4).Control(49) 在 SSTab2 中是无效的。
行 220: 属性名 Tab(4).Control(50) 在 SSTab2 中是无效的。
行 221: 属性名 Tab(4).Control(51) 在 SSTab2 中是无效的。
行 222: 属性名 Tab(4).Control(52) 在 SSTab2 中是无效的。
行 223: 属性名 Tab(4).ControlCount 在 SSTab2 中是无效的。
行 224: 属性名 TabCaption(5) 在 SSTab2 中是无效的。
行 225: 属性名 TabPicture(5) 在 SSTab2 中是无效的。
行 226: 属性名 Tab(5).ControlEnabled 在 SSTab2 中是无效的。
行 227: 属性名 Tab(5).Control(0) 在 SSTab2 中是无效的。
行 228: 属性名 Tab(5).Control(0).Enabled 在 SSTab2 中是无效的。
行 229: 属性名 Tab(5).Control(1) 在 SSTab2 中是无效的。
行 230: 属性名 Tab(5).Control(1).Enabled 在 SSTab2 中是无效的。
行 231: 属性名 Tab(5).Control(2) 在 SSTab2 中是无效的。
行 232: 属性名 Tab(5).Control(2).Enabled 在 SSTab2 中是无效的。
行 233: 属性名 Tab(5).Control(3) 在 SSTab2 中是无效的。
行 234: 属性名 Tab(5).Control(3).Enabled 在 SSTab2 中是无效的。
行 235: 属性名 Tab(5).Control(4) 在 SSTab2 中是无效的。
行 236: 属性名 Tab(5).Control(4).Enabled 在 SSTab2 中是无效的。
行 237: 属性名 Tab(5).Control(5) 在 SSTab2 中是无效的。
行 238: 属性名 Tab(5).Control(5).Enabled 在 SSTab2 中是无效的。
行 239: 属性名 Tab(5).Control(6) 在 SSTab2 中是无效的。
行 240: 属性名 Tab(5).Control(6).Enabled 在 SSTab2 中是无效的。
行 241: 属性名 Tab(5).Control(7) 在 SSTab2 中是无效的。
行 242: 属性名 Tab(5).Control(7).Enabled 在 SSTab2 中是无效的。
行 243: 属性名 Tab(5).Control(8) 在 SSTab2 中是无效的。
行 244: 属性名 Tab(5).Control(8).Enabled 在 SSTab2 中是无效的。
行 245: 属性名 Tab(5).Control(9) 在 SSTab2 中是无效的。
行 246: 属性名 Tab(5).Control(9).Enabled 在 SSTab2 中是无效的。
行 247: 属性名 Tab(5).Control(10) 在 SSTab2 中是无效的。
行 248: 属性名 Tab(5).Control(10).Enabled 在 SSTab2 中是无效的。
行 249: 属性名 Tab(5).Control(11) 在 SSTab2 中是无效的。
行 250: 属性名 Tab(5).Control(11).Enabled 在 SSTab2 中是无效的。
行 251: 属性名 Tab(5).Control(12) 在 SSTab2 中是无效的。
行 252: 属性名 Tab(5).Control(12).Enabled 在 SSTab2 中是无效的。
行 253: 属性名 Tab(5).Control(13) 在 SSTab2 中是无效的。
行 254: 属性名 Tab(5).Control(13).Enabled 在 SSTab2 中是无效的。
行 255: 属性名 Tab(5).Control(14) 在 SSTab2 中是无效的。
行 256: 属性名 Tab(5).Control(14).Enabled 在 SSTab2 中是无效的。
行 257: 属性名 Tab(5).Control(15) 在 SSTab2 中是无效的。
行 258: 属性名 Tab(5).Control(15).Enabled 在 SSTab2 中是无效的。
行 259: 属性名 Tab(5).Control(16) 在 SSTab2 中是无效的。
行 260: 属性名 Tab(5).Control(16).Enabled 在 SSTab2 中是无效的。
行 261: 属性名 Tab(5).Control(17) 在 SSTab2 中是无效的。
行 262: 属性名 Tab(5).Control(17).Enabled 在 SSTab2 中是无效的。
行 263: 属性名 Tab(5).Control(18) 在 SSTab2 中是无效的。
行 264: 属性名 Tab(5).Control(18).Enabled 在 SSTab2 中是无效的。
行 265: 属性名 Tab(5).Control(19) 在 SSTab2 中是无效的。
行 266: 属性名 Tab(5).Control(19).Enabled 在 SSTab2 中是无效的。
行 267: 属性名 Tab(5).Control(20) 在 SSTab2 中是无效的。
行 268: 属性名 Tab(5).Control(20).Enabled 在 SSTab2 中是无效的。
行 269: 属性名 Tab(5).Control(21) 在 SSTab2 中是无效的。
行 270: 属性名 Tab(5).Control(21).Enabled 在 SSTab2 中是无效的。
行 271: 属性名 Tab(5).Control(22) 在 SSTab2 中是无效的。
行 272: 属性名 Tab(5).Control(22).Enabled 在 SSTab2 中是无效的。
行 273: 属性名 Tab(5).Control(23) 在 SSTab2 中是无效的。
行 274: 属性名 Tab(5).Control(23).Enabled 在 SSTab2 中是无效的。
行 275: 属性名 Tab(5).Control(24) 在 SSTab2 中是无效的。
行 276: 属性名 Tab(5).Control(24).Enabled 在 SSTab2 中是无效的。
行 277: 属性名 Tab(5).Control(25) 在 SSTab2 中是无效的。
行 278: 属性名 Tab(5).Control(25).Enabled 在 SSTab2 中是无效的。
行 279: 属性名 Tab(5).Control(26) 在 SSTab2 中是无效的。
行 280: 属性名 Tab(5).Control(26).Enabled 在 SSTab2 中是无效的。
行 281: 属性名 Tab(5).Control(27) 在 SSTab2 中是无效的。
行 282: 属性名 Tab(5).Control(27).Enabled 在 SSTab2 中是无效的。
行 283: 属性名 Tab(5).Control(28) 在 SSTab2 中是无效的。
行 284: 属性名 Tab(5).Control(28).Enabled 在 SSTab2 中是无效的。
行 285: 属性名 Tab(5).Control(29) 在 SSTab2 中是无效的。
行 286: 属性名 Tab(5).Control(29).Enabled 在 SSTab2 中是无效的。
行 287: 属性名 Tab(5).Control(30) 在 SSTab2 中是无效的。
行 288: 属性名 Tab(5).Control(30).Enabled 在 SSTab2 中是无效的。
行 289: 属性名 Tab(5).Control(31) 在 SSTab2 中是无效的。
行 290: 属性名 Tab(5).Control(31).Enabled 在 SSTab2 中是无效的。
行 291: 属性名 Tab(5).Control(32) 在 SSTab2 中是无效的。
行 292: 属性名 Tab(5).Control(32).Enabled 在 SSTab2 中是无效的。
行 293: 属性名 Tab(5).Control(33) 在 SSTab2 中是无效的。
行 294: 属性名 Tab(5).Control(33).Enabled 在 SSTab2 中是无效的。
行 295: 属性名 Tab(5).Control(34) 在 SSTab2 中是无效的。
行 296: 属性名 Tab(5).Control(34).Enabled 在 SSTab2 中是无效的。
行 297: 属性名 Tab(5).Control(35) 在 SSTab2 中是无效的。
行 298: 属性名 Tab(5).Control(35).Enabled 在 SSTab2 中是无效的。
行 299: 属性名 Tab(5).Control(36) 在 SSTab2 中是无效的。
行 300: 属性名 Tab(5).Control(36).Enabled 在 SSTab2 中是无效的。
行 301: 属性名 Tab(5).Control(37) 在 SSTab2 中是无效的。
行 302: 属性名 Tab(5).Control(37).Enabled 在 SSTab2 中是无效的。
行 303: 属性名 Tab(5).Control(38) 在 SSTab2 中是无效的。
行 304: 属性名 Tab(5).Control(38).Enabled 在 SSTab2 中是无效的。
行 305: 属性名 Tab(5).Control(39) 在 SSTab2 中是无效的。
行 306: 属性名 Tab(5).Control(39).Enabled 在 SSTab2 中是无效的。
行 307: 属性名 Tab(5).Control(40) 在 SSTab2 中是无效的。
行 308: 属性名 Tab(5).Control(40).Enabled 在 SSTab2 中是无效的。
行 309: 属性名 Tab(5).Control(41) 在 SSTab2 中是无效的。
行 310: 属性名 Tab(5).Control(41).Enabled 在 SSTab2 中是无效的。
行 311: 属性名 Tab(5).Control(42) 在 SSTab2 中是无效的。
行 312: 属性名 Tab(5).Control(42).Enabled 在 SSTab2 中是无效的。
行 313: 属性名 Tab(5).Control(43) 在 SSTab2 中是无效的。
行 314: 属性名 Tab(5).Control(43).Enabled 在 SSTab2 中是无效的。
行 315: 属性名 Tab(5).Control(44) 在 SSTab2 中是无效的。
行 316: 属性名 Tab(5).Control(44).Enabled 在 SSTab2 中是无效的。
行 317: 属性名 Tab(5).Control(45) 在 SSTab2 中是无效的。
行 318: 属性名 Tab(5).Control(45).Enabled 在 SSTab2 中是无效的。
行 319: 属性名 Tab(5).Control(46) 在 SSTab2 中是无效的。
行 320: 属性名 Tab(5).Control(46).Enabled 在 SSTab2 中是无效的。
行 321: 属性名 Tab(5).Control(47) 在 SSTab2 中是无效的。
行 322: 属性名 Tab(5).Control(47).Enabled 在 SSTab2 中是无效的。
行 323: 属性名 Tab(5).Control(48) 在 SSTab2 中是无效的。
行 324: 属性名 Tab(5).Control(48).Enabled 在 SSTab2 中是无效的。
行 325: 属性名 Tab(5).Control(49) 在 SSTab2 中是无效的。
行 326: 属性名 Tab(5).Control(49).Enabled 在 SSTab2 中是无效的。
行 327: 属性名 Tab(5).Control(50) 在 SSTab2 中是无效的。
行 328: 属性名 Tab(5).Control(50).Enabled 在 SSTab2 中是无效的。
行 329: 属性名 Tab(5).Control(51) 在 SSTab2 中是无效的。
行 330: 属性名 Tab(5).Control(51).Enabled 在 SSTab2 中是无效的。
行 331: 属性名 Tab(5).Control(52) 在 SSTab2 中是无效的。
行 332: 属性名 Tab(5).Control(52).Enabled 在 SSTab2 中是无效的。
行 333: 属性名 Tab(5).ControlCount 在 SSTab2 中是无效的。
行 334: 属性名 TabCaption(6) 在 SSTab2 中是无效的。
行 335: 属性名 TabPicture(6) 在 SSTab2 中是无效的。
行 336: 属性名 Tab(6).ControlEnabled 在 SSTab2 中是无效的。
行 337: 属性名 Tab(6).Control(0) 在 SSTab2 中是无效的。
行 338: 属性名 Tab(6).Control(1) 在 SSTab2 中是无效的。
行 339: 属性名 Tab(6).Control(2) 在 SSTab2 中是无效的。
行 340: 属性名 Tab(6).Control(3) 在 SSTab2 中是无效的。
行 341: 属性名 Tab(6).Control(4) 在 SSTab2 中是无效的。
行 342: 属性名 Tab(6).Control(5) 在 SSTab2 中是无效的。
行 343: 属性名 Tab(6).Control(6) 在 SSTab2 中是无效的。
行 344: 属性名 Tab(6).Control(7) 在 SSTab2 中是无效的。
行 345: 属性名 Tab(6).Control(8) 在 SSTab2 中是无效的。
行 346: 属性名 Tab(6).Control(9) 在 SSTab2 中是无效的。
行 347: 属性名 Tab(6).Control(10) 在 SSTab2 中是无效的。
行 348: 属性名 Tab(6).Control(11) 在 SSTab2 中是无效的。
行 349: 属性名 Tab(6).Control(12) 在 SSTab2 中是无效的。
行 350: 属性名 Tab(6).Control(13) 在 SSTab2 中是无效的。
行 351: 属性名 Tab(6).Control(14) 在 SSTab2 中是无效的。
行 352: 属性名 Tab(6).Control(15) 在 SSTab2 中是无效的。
行 353: 属性名 Tab(6).Control(16) 在 SSTab2 中是无效的。
行 354: 属性名 Tab(6).Control(17) 在 SSTab2 中是无效的。
行 355: 属性名 Tab(6).Control(18) 在 SSTab2 中是无效的。
行 356: 属性名 Tab(6).Control(19) 在 SSTab2 中是无效的。
行 357: 属性名 Tab(6).Control(20) 在 SSTab2 中是无效的。
行 358: 属性名 Tab(6).Control(21) 在 SSTab2 中是无效的。
行 359: 属性名 Tab(6).Control(22) 在 SSTab2 中是无效的。
行 360: 属性名 Tab(6).Control(23) 在 SSTab2 中是无效的。
行 361: 属性名 Tab(6).Control(24) 在 SSTab2 中是无效的。
行 362: 属性名 Tab(6).Control(25) 在 SSTab2 中是无效的。
行 363: 属性名 Tab(6).Control(26) 在 SSTab2 中是无效的。
行 364: 属性名 Tab(6).Control(27) 在 SSTab2 中是无效的。
行 365: 属性名 Tab(6).Control(28) 在 SSTab2 中是无效的。
行 366: 属性名 Tab(6).Control(29) 在 SSTab2 中是无效的。
行 367: 属性名 Tab(6).Control(30) 在 SSTab2 中是无效的。
行 368: 属性名 Tab(6).Control(31) 在 SSTab2 中是无效的。
行 369: 属性名 Tab(6).Control(32) 在 SSTab2 中是无效的。
行 370: 属性名 Tab(6).Control(33) 在 SSTab2 中是无效的。
行 371: 属性名 Tab(6).Control(34) 在 SSTab2 中是无效的。
行 372: 属性名 Tab(6).Control(35) 在 SSTab2 中是无效的。
行 373: 属性名 Tab(6).Control(36) 在 SSTab2 中是无效的。
行 374: 属性名 Tab(6).Control(37) 在 SSTab2 中是无效的。
行 375: 属性名 Tab(6).Control(38) 在 SSTab2 中是无效的。
行 376: 属性名 Tab(6).Control(39) 在 SSTab2 中是无效的。
行 377: 属性名 Tab(6).Control(40) 在 SSTab2 中是无效的。
行 378: 属性名 Tab(6).Control(41) 在 SSTab2 中是无效的。
行 379: 属性名 Tab(6).Control(42) 在 SSTab2 中是无效的。
行 380: 属性名 Tab(6).Control(43) 在 SSTab2 中是无效的。
行 381: 属性名 Tab(6).Control(44) 在 SSTab2 中是无效的。
行 382: 属性名 Tab(6).Control(45) 在 SSTab2 中是无效的。
行 383: 属性名 Tab(6).ControlCount 在 SSTab2 中是无效的。
行 3254: 属性名 _ExtentX 在 SSTab1 中是无效的。
行 3255: 属性名 _ExtentY 在 SSTab1 中是无效的。
行 3256: 属性名 _Version 在 SSTab1 中是无效的。
行 3257: 属性名 Tabs 在 SSTab1 中是无效的。
行 3258: 属性名 TabsPerRow 在 SSTab1 中是无效的。
行 3259: 属性名 TabHeight 在 SSTab1 中是无效的。
行 3261: 属性名 TabCaption(0) 在 SSTab1 中是无效的。
行 3262: 属性名 TabPicture(0) 在 SSTab1 中是无效的。
行 3263: 属性名 Tab(0).ControlEnabled 在 SSTab1 中是无效的。
行 3264: 属性名 Tab(0).Control(0) 在 SSTab1 中是无效的。
行 3265: 属性名 Tab(0).Control(0).Enabled 在 SSTab1 中是无效的。
行 3266: 属性名 Tab(0).ControlCount 在 SSTab1 中是无效的。
行 3267: 属性名 TabCaption(1) 在 SSTab1 中是无效的。
行 3268: 属性名 TabPicture(1) 在 SSTab1 中是无效的。
行 3269: 属性名 Tab(1).ControlEnabled 在 SSTab1 中是无效的。
行 3270: 属性名 Tab(1).Control(0) 在 SSTab1 中是无效的。
行 3271: 属性名 Tab(1).ControlCount 在 SSTab1 中是无效的。
行 3914: 属性名 _ExtentX 在 MSFlexGrid2 中是无效的。
行 3915: 属性名 _ExtentY 在 MSFlexGrid2 中是无效的。
行 3916: 属性名 _Version 在 MSFlexGrid2 中是无效的。
行 3917: 属性名 BackColorSel 在 MSFlexGrid2 中是无效的。
行 3918: 属性名 BackColorBkg 在 MSFlexGrid2 中是无效的。
行 3919: 属性名 GridColor 在 MSFlexGrid2 中是无效的。
行 4270: 属性名 _ExtentX 在 Adodc2 中是无效的。
行 4271: 属性名 _ExtentY 在 Adodc2 中是无效的。
行 4272: 属性名 ConnectMode 在 Adodc2 中是无效的。
行 4273: 属性名 CursorLocation 在 Adodc2 中是无效的。
行 4274: 属性名 IsolationLevel 在 Adodc2 中是无效的。
行 4275: 属性名 ConnectionTimeout 在 Adodc2 中是无效的。
行 4276: 属性名 CommandTimeout 在 Adodc2 中是无效的。
行 4277: 属性名 CursorType 在 Adodc2 中是无效的。
行 4278: 属性名 LockType 在 Adodc2 中是无效的。
行 4279: 属性名 CommandType 在 Adodc2 中是无效的。
行 4280: 属性名 CursorOptions 在 Adodc2 中是无效的。
行 4281: 属性名 CacheSize 在 Adodc2 中是无效的。
行 4282: 属性名 MaxRecords 在 Adodc2 中是无效的。
行 4283: 属性名 BOFAction 在 Adodc2 中是无效的。
行 4284: 属性名 EOFAction 在 Adodc2 中是无效的。
行 4285: 属性名 ConnectStringType 在 Adodc2 中是无效的。
行 4289: 属性名 Orientation 在 Adodc2 中是无效的。
行 4291: 属性名 Connect 在 Adodc2 中是无效的。
行 4292: 属性名 OLEDBString 在 Adodc2 中是无效的。
行 4293: 属性名 OLEDBFile 在 Adodc2 中是无效的。
行 4294: 属性名 DataSourceName 在 Adodc2 中是无效的。
行 4295: 属性名 OtherAttributes 在 Adodc2 中是无效的。
行 4296: 属性名 UserName 在 Adodc2 中是无效的。
行 4297: 属性名 Password 在 Adodc2 中是无效的。
行 4298: 属性名 RecordSource 在 Adodc2 中是无效的。
行 4299: 属性名 Caption 在 Adodc2 中是无效的。
行 4309: 属性名 _Version 在 Adodc2 中是无效的。
行 4331: 属性名 _ExtentX 在 MSComm1 中是无效的。
行 4332: 属性名 _ExtentY 在 MSComm1 中是无效的。
行 4333: 属性名 _Version 在 MSComm1 中是无效的。
行 4334: 属性名 DTREnable 在 MSComm1 中是无效的。
行 4335: 属性名 ParitySetting 在 MSComm1 中是无效的。
行 4336: 属性名 DataBits 在 MSComm1 中是无效的。
行 4337: 属性名 StopBits 在 MSComm1 中是无效的。
行 4356: 属性名 _ExtentX 在 StatusBar1 中是无效的。
行 4357: 属性名 _ExtentY 在 StatusBar1 中是无效的。
行 4358: 属性名 _Version 在 StatusBar1 中是无效的。
行 4377: 属性名 Panels 在 StatusBar1 中是无效的。
行 4412: 属性名 _ExtentX 在 Adodc3 中是无效的。
行 4413: 属性名 _ExtentY 在 Adodc3 中是无效的。
行 4414: 属性名 ConnectMode 在 Adodc3 中是无效的。
行 4415: 属性名 CursorLocation 在 Adodc3 中是无效的。
行 4416: 属性名 IsolationLevel 在 Adodc3 中是无效的。
行 4417: 属性名 ConnectionTimeout 在 Adodc3 中是无效的。
行 4418: 属性名 CommandTimeout 在 Adodc3 中是无效的。
行 4419: 属性名 CursorType 在 Adodc3 中是无效的。
行 4420: 属性名 LockType 在 Adodc3 中是无效的。
行 4421: 属性名 CommandType 在 Adodc3 中是无效的。
行 4422: 属性名 CursorOptions 在 Adodc3 中是无效的。
行 4423: 属性名 CacheSize 在 Adodc3 中是无效的。
行 4424: 属性名 MaxRecords 在 Adodc3 中是无效的。
行 4425: 属性名 BOFAction 在 Adodc3 中是无效的。
行 4426: 属性名 EOFAction 在 Adodc3 中是无效的。
行 4427: 属性名 ConnectStringType 在 Adodc3 中是无效的。
行 4431: 属性名 Orientation 在 Adodc3 中是无效的。
行 4433: 属性名 Connect 在 Adodc3 中是无效的。
行 4434: 属性名 OLEDBString 在 Adodc3 中是无效的。
行 4435: 属性名 OLEDBFile 在 Adodc3 中是无效的。
行 4436: 属性名 DataSourceName 在 Adodc3 中是无效的。
行 4437: 属性名 OtherAttributes 在 Adodc3 中是无效的。
行 4438: 属性名 UserName 在 Adodc3 中是无效的。
行 4439: 属性名 Password 在 Adodc3 中是无效的。
行 4440: 属性名 RecordSource 在 Adodc3 中是无效的。
行 4441: 属性名 Caption 在 Adodc3 中是无效的。
行 4451: 属性名 _Version 在 Adodc3 中是无效的。
行 4476: 属性名 _ExtentX 在 MSFlexGrid1 中是无效的。
行 4477: 属性名 _ExtentY 在 MSFlexGrid1 中是无效的。
行 4478: 属性名 _Version 在 MSFlexGrid1 中是无效的。
行 4479: 属性名 Rows 在 MSFlexGrid1 中是无效的。
行 4480: 属性名 Cols 在 MSFlexGrid1 中是无效的。
行 4481: 属性名 FixedCols 在 MSFlexGrid1 中是无效的。
行 4482: 属性名 RowHeightMin 在 MSFlexGrid1 中是无效的。
行 4483: 属性名 GridColor 在 MSFlexGrid1 中是无效的。
行 4484: 属性名 FocusRect 在 MSFlexGrid1 中是无效的。
行 4519: 属性名 _ExtentX 在 Adodc5 中是无效的。
行 4520: 属性名 _ExtentY 在 Adodc5 中是无效的。
行 4521: 属性名 ConnectMode 在 Adodc5 中是无效的。
行 4522: 属性名 CursorLocation 在 Adodc5 中是无效的。
行 4523: 属性名 IsolationLevel 在 Adodc5 中是无效的。
行 4524: 属性名 ConnectionTimeout 在 Adodc5 中是无效的。
行 4525: 属性名 CommandTimeout 在 Adodc5 中是无效的。
行 4526: 属性名 CursorType 在 Adodc5 中是无效的。
行 4527: 属性名 LockType 在 Adodc5 中是无效的。
行 4528: 属性名 CommandType 在 Adodc5 中是无效的。
行 4529: 属性名 CursorOptions 在 Adodc5 中是无效的。
行 4530: 属性名 CacheSize 在 Adodc5 中是无效的。
行 4531: 属性名 MaxRecords 在 Adodc5 中是无效的。
行 4532: 属性名 BOFAction 在 Adodc5 中是无效的。
行 4533: 属性名 EOFAction 在 Adodc5 中是无效的。
行 4534: 属性名 ConnectStringType 在 Adodc5 中是无效的。
行 4538: 属性名 Orientation 在 Adodc5 中是无效的。
行 4540: 属性名 Connect 在 Adodc5 中是无效的。
行 4541: 属性名 OLEDBString 在 Adodc5 中是无效的。
行 4542: 属性名 OLEDBFile 在 Adodc5 中是无效的。
行 4543: 属性名 DataSourceName 在 Adodc5 中是无效的。
行 4544: 属性名 OtherAttributes 在 Adodc5 中是无效的。
行 4545: 属性名 UserName 在 Adodc5 中是无效的。
行 4546: 属性名 Password 在 Adodc5 中是无效的。
行 4547: 属性名 RecordSource 在 Adodc5 中是无效的。
行 4548: 属性名 Caption 在 Adodc5 中是无效的。
行 4558: 属性名 _Version 在 Adodc5 中是无效的。
行 4593: 属性名 _ExtentX 在 Adodc1 中是无效的。
行 4594: 属性名 _ExtentY 在 Adodc1 中是无效的。
行 4595: 属性名 ConnectMode 在 Adodc1 中是无效的。
行 4596: 属性名 CursorLocation 在 Adodc1 中是无效的。
行 4597: 属性名 IsolationLevel 在 Adodc1 中是无效的。
行 4598: 属性名 ConnectionTimeout 在 Adodc1 中是无效的。
行 4599: 属性名 CommandTimeout 在 Adodc1 中是无效的。
行 4600: 属性名 CursorType 在 Adodc1 中是无效的。
行 4601: 属性名 LockType 在 Adodc1 中是无效的。
行 4602: 属性名 CommandType 在 Adodc1 中是无效的。
行 4603: 属性名 CursorOptions 在 Adodc1 中是无效的。
行 4604: 属性名 CacheSize 在 Adodc1 中是无效的。
行 4605: 属性名 MaxRecords 在 Adodc1 中是无效的。
行 4606: 属性名 BOFAction 在 Adodc1 中是无效的。
行 4607: 属性名 EOFAction 在 Adodc1 中是无效的。
行 4608: 属性名 ConnectStringType 在 Adodc1 中是无效的。
行 4612: 属性名 Orientation 在 Adodc1 中是无效的。
行 4614: 属性名 Connect 在 Adodc1 中是无效的。
行 4615: 属性名 OLEDBString 在 Adodc1 中是无效的。
行 4616: 属性名 OLEDBFile 在 Adodc1 中是无效的。
行 4617: 属性名 DataSourceName 在 Adodc1 中是无效的。
行 4618: 属性名 OtherAttributes 在 Adodc1 中是无效的。
行 4619: 属性名 UserName 在 Adodc1 中是无效的。
行 4620: 属性名 Password 在 Adodc1 中是无效的。
行 4621: 属性名 RecordSource 在 Adodc1 中是无效的。
行 4622: 属性名 Caption 在 Adodc1 中是无效的。
行 4632: 属性名 _Version 在 Adodc1 中是无效的。
