***********************************
          流程一
10Cu=60'   2Sn=10'   C=390"
飞巴原点:1.4.5.13.14  Sn=2  Cu=10
吊车原点:A=14  B=Cu
备    注:#
***********************************
          流程二
  **Cu=**   **Sn=**   C=***
飞巴原点:
吊车原点:
备    注:#
***********************************
          流程三
  10Cu=60'  2Sn=10'   C=390"
飞巴原点:0.4.6.14.18.20 Sn=2 Cu=9
吊车原点:A=0  B=20
备    注:#
***********************************
          流程四
 9Cu=45'   2Sn=10'   C=330"
飞巴原点:0.4.5.6.14.17 Sn=2 Cu=9
吊车原点:A=6  B=Cu
备    注:#
***********************************
          流程五
  **Cu=**   **Sn=**   C=***
飞巴原点:
吊车原点:
备    注:#